\BOOKMARK [0][-]{dummy.1}{\376\377\000D\000e\000c\000l\000a\000r\000a\000t\000i\000o\000n\000\040\000o\000f\000\040\000A\000u\000t\000h\000o\000r\000s\000h\000i\000p}{}
\BOOKMARK [0][-]{dummy.2}{\376\377\000A\000b\000s\000t\000r\000a\000c\000t}{}
\BOOKMARK [0][-]{dummy.3}{\376\377\000A\000c\000k\000n\000o\000w\000l\000e\000d\000g\000e\000m\000e\000n\000t\000s}{}
\BOOKMARK [0][-]{dummy.5}{\376\377\000L\000i\000s\000t\000\040\000o\000f\000\040\000F\000i\000g\000u\000r\000e\000s}{}
\BOOKMARK [0][-]{dummy.7}{\376\377\000L\000i\000s\000t\000\040\000o\000f\000\040\000T\000a\000b\000l\000e\000s}{}
\BOOKMARK [0][-]{dummy.9}{\376\377\000A\000b\000b\000r\000e\000v\000i\000a\000t\000i\000o\000n\000s}{}
\BOOKMARK [0][-]{dummy.12}{\376\377\000P\000h\000y\000s\000i\000c\000a\000l\000\040\000C\000o\000n\000s\000t\000a\000n\000t\000s}{}
\BOOKMARK [0][-]{dummy.15}{\376\377\000S\000y\000m\000b\000o\000l\000s}{}
\BOOKMARK [0][-]{chapter.18}{\376\377\0001\000\040\000E\000i\000n\000l\000e\000i\000t\000u\000n\000g}{}
\BOOKMARK [1][-]{section.19}{\376\377\0001\000.\0001\000\040\000f\000d\000f\000g}{chapter.18}
\BOOKMARK [0][-]{chapter.20}{\376\377\0002\000\040\000H\000i\000n\000t\000e\000r\000g\000r\000u\000n\000d\000/\000B\000e\000g\000r\000i\000f\000f\000s\000k\000l\000\344\000r\000u\000n\000g}{}
\BOOKMARK [1][-]{section.21}{\376\377\0002\000.\0001\000\040\000f\000d\000f\000g}{chapter.20}
\BOOKMARK [0][-]{chapter.22}{\376\377\0003\000\040\000A\000n\000f\000o\000r\000d\000e\000r\000u\000n\000g\000s\000a\000n\000a\000l\000y\000s\000e}{}
\BOOKMARK [1][-]{section.23}{\376\377\0003\000.\0001\000\040\000U\000s\000e\000\040\000C\000a\000s\000e}{chapter.22}
\BOOKMARK [2][-]{subsection.24}{\376\377\0003\000.\0001\000.\0001\000\040\000Z\000i\000e\000l}{section.23}
\BOOKMARK [2][-]{subsection.25}{\376\377\0003\000.\0001\000.\0002\000\040\000V\000o\000r\000a\000u\000s\000s\000e\000t\000z\000u\000n\000g\000e\000n}{section.23}
\BOOKMARK [0][-]{chapter.28}{\376\377\0004\000\040\000\334\000b\000e\000r\000s\000i\000c\000h\000t\000\040\000S\000t\000a\000n\000d\000\040\000d\000e\000r\000\040\000F\000o\000r\000s\000c\000h\000u\000n\000g}{}
\BOOKMARK [1][-]{subsection.29}{\376\377\0004\000.\0000\000.\0003\000\040\000R\000E\000S\000T}{chapter.28}
\BOOKMARK [2][-]{subsubsection.30}{\376\377\0004\000.\0000\000.\0003\000.\0001\000\040\000W\000i\000d\000g\000e\000t\000p\000a\000r\000a\000m\000e\000t\000e\000r}{subsection.29}
\BOOKMARK [0][-]{chapter.31}{\376\377\0005\000\040\000L\000\366\000s\000u\000n\000g\000s\000a\000n\000s\000a\000t\000z}{}
\BOOKMARK [1][-]{section.32}{\376\377\0005\000.\0001\000\040\000\334\000b\000e\000r\000b\000l\000i\000c\000k}{chapter.31}
\BOOKMARK [0][-]{chapter.33}{\376\377\0006\000\040\000D\000e\000t\000a\000i\000l\000s\000\040\000z\000u\000r\000\040\000L\000\366\000s\000u\000n\000g}{}
\BOOKMARK [1][-]{section.34}{\376\377\0006\000.\0001\000\040\000E\000n\000t\000w\000i\000c\000k\000l\000u\000n\000g\000s\000u\000m\000g\000e\000b\000u\000n\000g\000/\000T\000o\000o\000l\000s}{chapter.33}
\BOOKMARK [2][-]{subsection.37}{\376\377\0006\000.\0001\000.\0001\000\040\000S\000y\000m\000f\000o\000n\000y\0002}{section.34}
\BOOKMARK [2][-]{subsection.40}{\376\377\0006\000.\0001\000.\0002\000\040\000e\000i\000g\000e\000n\000e\000\040\000B\000u\000n\000d\000l\000e\000s}{section.34}
\BOOKMARK [2][-]{subsection.41}{\376\377\0006\000.\0001\000.\0003\000\040\000F\000r\000e\000m\000d\000-\000B\000u\000n\000d\000l\000e\000s}{section.34}
\BOOKMARK [2][-]{subsection.42}{\376\377\0006\000.\0001\000.\0004\000\040\000D\000o\000c\000t\000r\000i\000n\000e\0002}{section.34}
\BOOKMARK [2][-]{subsection.43}{\376\377\0006\000.\0001\000.\0005\000\040\000A\000n\000g\000u\000l\000a\000r\000J\000S}{section.34}
\BOOKMARK [2][-]{subsection.44}{\376\377\0006\000.\0001\000.\0006\000\040\000J\000q\000u\000e\000r\000y}{section.34}
\BOOKMARK [2][-]{subsection.46}{\376\377\0006\000.\0001\000.\0007\000\040\000T\000w\000i\000t\000t\000e\000r\000\040\000B\000o\000o\000t\000s\000t\000r\000a\000p}{section.34}
\BOOKMARK [2][-]{subsection.49}{\376\377\0006\000.\0001\000.\0008\000\040\000A\000p\000a\000c\000h\000e\000\040\000W\000o\000o\000k\000i\000e}{section.34}
\BOOKMARK [1][-]{section.50}{\376\377\0006\000.\0002\000\040\000I\000m\000p\000l\000e\000m\000e\000n\000t\000i\000e\000r\000u\000n\000g\000s\000d\000e\000t\000a\000i\000l\000s}{chapter.33}
\BOOKMARK [2][-]{subsection.51}{\376\377\0006\000.\0002\000.\0001\000\040\000A\000b\000l\000a\000u\000f\000\040\000h\000o\000l\000e\000n\000\040\000d\000e\000r\000\040\000D\000a\000t\000e\000n}{section.50}
\BOOKMARK [2][-]{subsection.52}{\376\377\0006\000.\0002\000.\0002\000\040\000A\000p\000i\000\040\000d\000e\000r\000\040\000O\000f\000f\000l\000i\000n\000e\000\040\000S\000e\000r\000v\000i\000c\000e\000s}{section.50}
\BOOKMARK [2][-]{subsection.53}{\376\377\0006\000.\0002\000.\0003\000\040\000P\000r\000e\000l\000o\000a\000d\000s\000\040\000d\000e\000r\000\040\000W\000i\000d\000g\000e\000t\000s}{section.50}
\BOOKMARK [2][-]{subsection.54}{\376\377\0006\000.\0002\000.\0004\000\040\000W\000i\000d\000g\000e\000t\000s\000\040\000a\000u\000f\000\040\000H\000a\000u\000p\000t\000e\000b\000e\000n\000e}{section.50}
\BOOKMARK [2][-]{subsection.55}{\376\377\0006\000.\0002\000.\0005\000\040\000P\000r\000o\000b\000l\000e\000m\000e\000\040\000b\000e\000i\000\040\000m\000u\000l\000t\000i\000p\000l\000e\000\040\000I\000n\000s\000t\000a\000n\000z\000e\000n\000\040\000d\000e\000s\000\040\000s\000e\000l\000b\000e\000n\000\040\000W\000i\000d\000g\000e\000t\000s}{section.50}
\BOOKMARK [2][-]{subsection.56}{\376\377\0006\000.\0002\000.\0006\000\040\000C\000o\000r\000s}{section.50}
\BOOKMARK [2][-]{subsection.57}{\376\377\0006\000.\0002\000.\0007\000\040\000K\000o\000m\000m\000u\000n\000i\000k\000a\000t\000i\000o\000n\000\040\000d\000e\000r\000\040\000I\000F\000r\000a\000m\000e\000s}{section.50}
\BOOKMARK [0][-]{chapter.58}{\376\377\0007\000\040\000Z\000u\000s\000a\000m\000m\000e\000n\000f\000a\000s\000s\000u\000n\000g\000/\000A\000u\000s\000b\000l\000i\000c\000k}{}
\BOOKMARK [1][-]{subsection.59}{\376\377\0007\000.\0000\000.\0008\000\040\000O\000f\000f\000e\000n\000e\000\040\000F\000r\000a\000g\000e\000n\000\040\000f\000\374\000r\000\040\000w\000e\000i\000t\000e\000r\000e\000\040\000F\000o\000r\000s\000c\000h\000u\000n\000g\000s\000a\000r\000b\000e\000i\000t\000e\000n}{chapter.58}
\BOOKMARK [0][-]{appendix.60}{\376\377\000A\000\040\000I\000n\000s\000t\000a\000l\000l\000a\000t\000i\000o\000n\000/\000D\000e\000p\000l\000o\000y\000m\000e\000n\000t}{}
\BOOKMARK [1][-]{section.61}{\376\377\000A\000.\0001\000\040\000I\000n\000s\000t\000a\000l\000l\000a\000t\000i\000o\000n}{appendix.60}
\BOOKMARK [2][-]{subsection.62}{\376\377\000A\000.\0001\000.\0001\000\040\000W\000o\000o\000k\000i\000e}{section.61}
\BOOKMARK [2][-]{subsection.63}{\376\377\000A\000.\0001\000.\0002\000\040\000P\000l\000e\000s\000y\000n\000d}{section.61}
\BOOKMARK [1][-]{section.64}{\376\377\000A\000.\0002\000\040\000D\000e\000p\000l\000o\000y\000m\000e\000n\000t}{appendix.60}
\BOOKMARK [2][-]{subsection.65}{\376\377\000A\000.\0002\000.\0001\000\040\000P\000l\000e\000s\000y\000n\000d}{section.64}
\BOOKMARK [0][-]{dummy.66}{\376\377\000L\000i\000t\000e\000r\000a\000t\000u\000r\000v\000e\000r\000z\000e\000i\000c\000h\000n\000i\000s}{}
